TN:
SF:script/DeployDSCEngine.s.sol
DA:14,6
FN:14,DeployDSCEngine.run
FNDA:6,DeployDSCEngine.run
DA:15,6
DA:17,6
DA:18,6
DA:20,6
DA:21,6
DA:23,6
DA:24,6
DA:25,6
DA:27,6
DA:28,6
DA:29,6
FNF:1
FNH:1
LF:12
LH:12
BRF:0
BRH:0
end_of_record
TN:
SF:script/HelperConfig.s.sol
DA:24,6
FN:24,HelperConfig.constructor
FNDA:6,HelperConfig.constructor
DA:25,6
BRDA:25,0,0,-
BRDA:25,0,1,6
DA:26,0
DA:28,6
DA:32,0
FN:32,HelperConfig.getSepoliaEThConfig
FNDA:0,HelperConfig.getSepoliaEThConfig
DA:33,0
DA:42,6
FN:42,HelperConfig.getOrCreateAnvilEthConfig
FNDA:6,HelperConfig.getOrCreateAnvilEthConfig
DA:43,6
BRDA:43,1,0,-
DA:44,0
DA:47,6
DA:48,6
DA:49,6
DA:51,6
DA:52,6
DA:53,6
DA:55,6
FNF:3
FNH:2
LF:16
LH:12
BRF:3
BRH:1
end_of_record
TN:
SF:src/DSCEngine.sol
DA:75,0
FN:75,DSCEngine.moreThanZero
FNDA:0,DSCEngine.moreThanZero
DA:76,0
BRDA:76,0,0,-
DA:77,0
DA:82,2
FN:82,DSCEngine.isAllowedToken
FNDA:2,DSCEngine.isAllowedToken
DA:83,2
BRDA:83,1,0,1
DA:84,1
DA:93,7
FN:93,DSCEngine.constructor
FNDA:7,DSCEngine.constructor
DA:94,7
BRDA:94,2,0,1
DA:95,1
DA:97,6
DA:98,12
DA:99,12
DA:101,6
DA:114,0
FN:114,DSCEngine.depositCollateralAndMintDSC
FNDA:0,DSCEngine.depositCollateralAndMintDSC
DA:119,0
DA:120,0
DA:128,3
FN:128,DSCEngine.depositCollateral
FNDA:3,DSCEngine.depositCollateral
DA:134,1
DA:135,1
DA:136,1
DA:137,1
BRDA:137,3,0,-
DA:138,0
DA:148,0
FN:148,DSCEngine.redeemCollateralForDSC
FNDA:0,DSCEngine.redeemCollateralForDSC
DA:151,0
DA:152,0
DA:157,0
FN:157,DSCEngine.redeemCollateral
FNDA:0,DSCEngine.redeemCollateral
DA:162,0
DA:163,0
DA:172,0
FN:172,DSCEngine.mintDSC
FNDA:0,DSCEngine.mintDSC
DA:173,0
DA:174,0
DA:175,0
DA:176,0
BRDA:176,4,0,-
DA:177,0
DA:181,0
FN:181,DSCEngine.burnDSC
FNDA:0,DSCEngine.burnDSC
DA:182,0
DA:183,0
DA:196,0
FN:196,DSCEngine.liquidate
FNDA:0,DSCEngine.liquidate
DA:201,0
DA:202,0
BRDA:202,5,0,-
DA:203,0
DA:205,0
DA:206,0
DA:207,0
DA:208,0
DA:209,0
DA:211,0
DA:212,0
BRDA:212,6,0,-
DA:213,0
DA:215,0
DA:218,0
FN:218,DSCEngine.getHealthFactor
FNDA:0,DSCEngine.getHealthFactor
DA:224,0
FN:224,DSCEngine._BurnDSC
FNDA:0,DSCEngine._BurnDSC
DA:225,0
DA:226,0
DA:227,0
BRDA:227,7,0,-
DA:228,0
DA:230,0
DA:233,0
FN:233,DSCEngine._redeemCollateral
FNDA:0,DSCEngine._redeemCollateral
DA:236,0
DA:237,0
DA:238,0
DA:239,0
BRDA:239,8,0,-
DA:240,0
DA:244,1
FN:244,DSCEngine._getAccountInformation
FNDA:1,DSCEngine._getAccountInformation
DA:249,1
DA:250,1
DA:257,0
FN:257,DSCEngine._healthFactor
FNDA:0,DSCEngine._healthFactor
DA:258,0
DA:259,0
DA:260,0
DA:263,0
FN:263,DSCEngine._revertIfHealthFactorIsBroken
FNDA:0,DSCEngine._revertIfHealthFactorIsBroken
DA:264,0
DA:265,0
BRDA:265,9,0,-
DA:266,0
DA:274,0
FN:274,DSCEngine.getAccountCollateralValue
FNDA:0,DSCEngine.getAccountCollateralValue
DA:275,1
DA:276,2
DA:277,2
DA:278,2
DA:282,1
FN:282,DSCEngine.getUsdValue
FNDA:1,DSCEngine.getUsdValue
DA:283,3
DA:284,3
DA:286,3
DA:289,2
FN:289,DSCEngine.getTokenAmountFromUsd
FNDA:2,DSCEngine.getTokenAmountFromUsd
DA:290,2
DA:291,2
DA:292,2
DA:295,1
FN:295,DSCEngine.getAccountInformation
FNDA:1,DSCEngine.getAccountInformation
DA:300,1
FNF:20
FNH:7
LF:89
LH:32
BRF:10
BRH:2
end_of_record
TN:
SF:src/DecentralizedStablecoin.sol
DA:45,0
FN:45,DecentralizedStableCoin.burn
FNDA:0,DecentralizedStableCoin.burn
DA:46,0
DA:47,0
BRDA:47,0,0,-
DA:48,0
DA:50,0
BRDA:50,1,0,-
DA:51,0
DA:53,0
DA:56,0
FN:56,DecentralizedStableCoin.mint
FNDA:0,DecentralizedStableCoin.mint
DA:57,0
BRDA:57,2,0,-
DA:58,0
DA:60,0
BRDA:60,3,0,-
DA:61,0
DA:63,0
DA:64,0
FNF:2
FNH:0
LF:14
LH:0
BRF:4
BRH:0
end_of_record
TN:
SF:test/mocks/MockV3Aggregator.sol
DA:24,12
FN:24,MockV3Aggregator.constructor
FNDA:12,MockV3Aggregator.constructor
DA:25,12
DA:26,12
DA:29,12
FN:29,MockV3Aggregator.updateAnswer
FNDA:12,MockV3Aggregator.updateAnswer
DA:30,12
DA:31,12
DA:32,12
DA:33,12
DA:34,12
DA:35,12
DA:38,0
FN:38,MockV3Aggregator.updateRoundData
FNDA:0,MockV3Aggregator.updateRoundData
DA:39,0
DA:40,0
DA:41,0
DA:42,0
DA:43,0
DA:44,0
DA:47,0
FN:47,MockV3Aggregator.getRoundData
FNDA:0,MockV3Aggregator.getRoundData
DA:52,0
DA:55,5
FN:55,MockV3Aggregator.latestRoundData
FNDA:5,MockV3Aggregator.latestRoundData
DA:60,5
DA:69,0
FN:69,MockV3Aggregator.description
FNDA:0,MockV3Aggregator.description
DA:70,0
FNF:6
FNH:3
LF:23
LH:12
BRF:0
BRH:0
end_of_record
